#
# There is insufficient memory for the Java Runtime Environment to continue.
# Native memory allocation (malloc) failed to allocate 54976 bytes for Chunk::new
# Possible reasons:
#   The system is out of physical RAM or swap space
#   The process is running with CompressedOops enabled, and the Java Heap may be blocking the growth of the native heap
# Possible solutions:
#   Reduce memory load on the system
#   Increase physical memory or swap space
#   Check if swap backing store is full
#   Decrease Java heap size (-Xmx/-Xms)
#   Decrease number of Java threads
#   Decrease Java thread stack sizes (-Xss)
#   Set larger code cache with -XX:ReservedCodeCacheSize=
#   JVM is running with Unscaled Compressed Oops mode in which the Java heap is
#     placed in the first 4GB address space. The Java Heap base address is the
#     maximum limit for the native heap growth. Please use -XX:HeapBaseMinAddress
#     to set the Java Heap base and to place the Java Heap above 4GB virtual address.
# This output file may be truncated or incomplete.
#
#  Out of Memory Error (allocation.cpp:389), pid=872, tid=0x0000000000000cf8
#
# JRE version: Java(TM) SE Runtime Environment (8.0_301-b09) (build 1.8.0_301-b09)
# Java VM: Java HotSpot(TM) 64-Bit Server VM (25.301-b09 mixed mode windows-amd64 compressed oops)
# Failed to write core dump. Minidumps are not enabled by default on client versions of Windows
#

---------------  T H R E A D  ---------------

Current thread (0x0000025a16907000):  JavaThread "C2 CompilerThread1" daemon [_thread_in_native, id=3320, stack(0x00000080e2100000,0x00000080e2200000)]

Stack: [0x00000080e2100000,0x00000080e2200000]
Native frames: (J=compiled Java code, j=interpreted, Vv=VM code, C=native code)
V  [jvm.dll+0x32ed79]


Current CompileTask:
C2:   9107 1557       4       java.util.regex.Pattern$5::isSatisfiedBy (28 bytes)


---------------  P R O C E S S  ---------------

Java Threads: ( => current thread )
  0x0000025a189a9000 JavaThread "Okio Watchdog" daemon [_thread_blocked, id=1392, stack(0x00000080e2c00000,0x00000080e2d00000)]
  0x0000025a18807800 JavaThread "OkHttp ConnectionPool" daemon [_thread_blocked, id=5484, stack(0x00000080e2b00000,0x00000080e2c00000)]
  0x0000025a18728800 JavaThread "Exec Stream Pumper" daemon [_thread_in_native, id=7980, stack(0x00000080e2900000,0x00000080e2a00000)]
  0x0000025a18162800 JavaThread "Exec Stream Pumper" daemon [_thread_in_native, id=7652, stack(0x00000080e2800000,0x00000080e2900000)]
  0x0000025a18178800 JavaThread "UrlChecker-2" daemon [_thread_blocked, id=4340, stack(0x00000080e2600000,0x00000080e2700000)]
  0x0000025a18161800 JavaThread "Exec Default Executor" daemon [_thread_in_native, id=8100, stack(0x00000080e2500000,0x00000080e2600000)]
  0x0000025a1696f000 JavaThread "Service Thread" daemon [_thread_blocked, id=4788, stack(0x00000080e2300000,0x00000080e2400000)]
  0x0000025a16965000 JavaThread "C1 CompilerThread2" daemon [_thread_blocked, id=4988, stack(0x00000080e2200000,0x00000080e2300000)]
=>0x0000025a16907000 JavaThread "C2 CompilerThread1" daemon [_thread_in_native, id=3320, stack(0x00000080e2100000,0x00000080e2200000)]
  0x0000025a16904000 JavaThread "C2 CompilerThread0" daemon [_thread_blocked, id=6388, stack(0x00000080e2000000,0x00000080e2100000)]
  0x0000025a16900800 JavaThread "Monitor Ctrl-Break" daemon [_thread_in_native, id=7540, stack(0x00000080e1f00000,0x00000080e2000000)]
  0x0000025a16897800 JavaThread "Attach Listener" daemon [_thread_blocked, id=2488, stack(0x00000080e1e00000,0x00000080e1f00000)]
  0x0000025a16896800 JavaThread "Signal Dispatcher" daemon [_thread_blocked, id=7680, stack(0x00000080e1d00000,0x00000080e1e00000)]
  0x0000025a1686e000 JavaThread "Finalizer" daemon [_thread_blocked, id=6348, stack(0x00000080e1c00000,0x00000080e1d00000)]
  0x0000025a1686d000 JavaThread "Reference Handler" daemon [_thread_blocked, id=8188, stack(0x00000080e1b00000,0x00000080e1c00000)]
  0x0000025a02697800 JavaThread "Forwarding findElements on session b98aff00dee88760922362da2265cfa6 to remote" [_thread_in_native, id=616, stack(0x00000080e1500000,0x00000080e1600000)]

Other Threads:
  0x0000025a16840800 VMThread [stack: 0x00000080e1a00000,0x00000080e1b00000] [id=7640]
  0x0000025a1746d800 WatcherThread [stack: 0x00000080e2400000,0x00000080e2500000] [id=3904]

VM state:not at safepoint (normal execution)

VM Mutex/Monitor currently owned by a thread: None

heap address: 0x00000000c1e00000, size: 994 MB, Compressed Oops mode: 32-bit
Narrow klass base: 0x0000000000000000, Narrow klass shift: 3
Compressed class space size: 1073741824 Address: 0x0000000100000000

Heap:
 PSYoungGen      total 18944K, used 16676K [0x00000000eb500000, 0x00000000eca00000, 0x0000000100000000)
  eden space 16384K, 86% used [0x00000000eb500000,0x00000000ec2d10a0,0x00000000ec500000)
  from space 2560K, 98% used [0x00000000ec500000,0x00000000ec778030,0x00000000ec780000)
  to   space 2560K, 0% used [0x00000000ec780000,0x00000000ec780000,0x00000000eca00000)
 ParOldGen       total 44032K, used 4389K [0x00000000c1e00000, 0x00000000c4900000, 0x00000000eb500000)
  object space 44032K, 9% used [0x00000000c1e00000,0x00000000c22497f0,0x00000000c4900000)
 Metaspace       used 15207K, capacity 15912K, committed 16256K, reserved 1062912K
  class space    used 1891K, capacity 2084K, committed 2176K, reserved 1048576K

Card table byte_map: [0x0000025a134d0000,0x0000025a136d0000] byte_map_base: 0x0000025a12ec1000

Marking Bits: (ParMarkBitMap*) 0x0000000055e57fe0
 Begin Bits: [0x0000025a13820000, 0x0000025a147a8000)
 End Bits:   [0x0000025a147a8000, 0x0000025a15730000)

Polling page: 0x0000025a025f0000

CodeCache: size=245760Kb used=5485Kb max_used=5485Kb free=240274Kb
 bounds [0x0000025a04110000, 0x0000025a04670000, 0x0000025a13110000]
 total_blobs=1937 nmethods=1554 adapters=295
 compilation: enabled

Compilation events (10 events):
Event: 8.605 Thread 0x0000025a16965000 nmethod 1552 0x0000025a0466a510 code [0x0000025a0466a6a0, 0x0000025a0466aad0]
Event: 8.609 Thread 0x0000025a16965000 1553       3       com.google.gson.stream.JsonWriter::peek (29 bytes)
Event: 8.609 Thread 0x0000025a16965000 nmethod 1553 0x0000025a04669fd0 code [0x0000025a0466a140, 0x0000025a0466a3d0]
Event: 8.609 Thread 0x0000025a16965000 1554       3       com.google.common.collect.ImmutableMap::entrySet (23 bytes)
Event: 8.609 Thread 0x0000025a16965000 nmethod 1554 0x0000025a04669b10 code [0x0000025a04669c80, 0x0000025a04669f30]
Event: 8.609 Thread 0x0000025a16965000 1555       3       java.util.Locale::hashCode (41 bytes)
Event: 8.609 Thread 0x0000025a16965000 nmethod 1555 0x0000025a04669510 code [0x0000025a04669680, 0x0000025a04669a00]
Event: 8.609 Thread 0x0000025a16965000 1556       3       java.util.stream.StreamOpFlag::isKnown (19 bytes)
Event: 8.609 Thread 0x0000025a16965000 nmethod 1556 0x0000025a04655510 code [0x0000025a04655660, 0x0000025a04655818]
Event: 9.104 Thread 0x0000025a16907000 1557       4       java.util.regex.Pattern$5::isSatisfiedBy (28 bytes)

GC Heap History (6 events):
Event: 0.743 GC heap before
{Heap before GC invocations=1 (full 0):
 PSYoungGen      total 18944K, used 16384K [0x00000000eb500000, 0x00000000eca00000, 0x0000000100000000)
  eden space 16384K, 100% used [0x00000000eb500000,0x00000000ec500000,0x00000000ec500000)
  from space 2560K, 0% used [0x00000000ec780000,0x00000000ec780000,0x00000000eca00000)
  to   space 2560K, 0% used [0x00000000ec500000,0x00000000ec500000,0x00000000ec780000)
 ParOldGen       total 44032K, used 0K [0x00000000c1e00000, 0x00000000c4900000, 0x00000000eb500000)
  object space 44032K, 0% used [0x00000000c1e00000,0x00000000c1e00000,0x00000000c4900000)
 Metaspace       used 8041K, capacity 8160K, committed 8448K, reserved 1056768K
  class space    used 942K, capacity 951K, committed 1024K, reserved 1048576K
Event: 0.749 GC heap after
Heap after GC invocations=1 (full 0):
 PSYoungGen      total 18944K, used 2554K [0x00000000eb500000, 0x00000000eca00000, 0x0000000100000000)
  eden space 16384K, 0% used [0x00000000eb500000,0x00000000eb500000,0x00000000ec500000)
  from space 2560K, 99% used [0x00000000ec500000,0x00000000ec77e820,0x00000000ec780000)
  to   space 2560K, 0% used [0x00000000ec780000,0x00000000ec780000,0x00000000eca00000)
 ParOldGen       total 44032K, used 472K [0x00000000c1e00000, 0x00000000c4900000, 0x00000000eb500000)
  object space 44032K, 1% used [0x00000000c1e00000,0x00000000c1e76380,0x00000000c4900000)
 Metaspace       used 8041K, capacity 8160K, committed 8448K, reserved 1056768K
  class space    used 942K, capacity 951K, committed 1024K, reserved 1048576K
}
Event: 1.488 GC heap before
{Heap before GC invocations=2 (full 0):
 PSYoungGen      total 18944K, used 18938K [0x00000000eb500000, 0x00000000eca00000, 0x0000000100000000)
  eden space 16384K, 100% used [0x00000000eb500000,0x00000000ec500000,0x00000000ec500000)
  from space 2560K, 99% used [0x00000000ec500000,0x00000000ec77e820,0x00000000ec780000)
  to   space 2560K, 0% used [0x00000000ec780000,0x00000000ec780000,0x00000000eca00000)
 ParOldGen       total 44032K, used 472K [0x00000000c1e00000, 0x00000000c4900000, 0x00000000eb500000)
  object space 44032K, 1% used [0x00000000c1e00000,0x00000000c1e76380,0x00000000c4900000)
 Metaspace       used 10308K, capacity 10500K, committed 10752K, reserved 1058816K
  class space    used 1182K, capacity 1256K, committed 1280K, reserved 1048576K
Event: 1.493 GC heap after
Heap after GC invocations=2 (full 0):
 PSYoungGen      total 18944K, used 2528K [0x00000000eb500000, 0x00000000eca00000, 0x0000000100000000)
  eden space 16384K, 0% used [0x00000000eb500000,0x00000000eb500000,0x00000000ec500000)
  from space 2560K, 98% used [0x00000000ec780000,0x00000000ec9f8020,0x00000000eca00000)
  to   space 2560K, 0% used [0x00000000ec500000,0x00000000ec500000,0x00000000ec780000)
 ParOldGen       total 44032K, used 2357K [0x00000000c1e00000, 0x00000000c4900000, 0x00000000eb500000)
  object space 44032K, 5% used [0x00000000c1e00000,0x00000000c204d428,0x00000000c4900000)
 Metaspace       used 10308K, capacity 10500K, committed 10752K, reserved 1058816K
  class space    used 1182K, capacity 1256K, committed 1280K, reserved 1048576K
}
Event: 2.417 GC heap before
{Heap before GC invocations=3 (full 0):
 PSYoungGen      total 18944K, used 18912K [0x00000000eb500000, 0x00000000eca00000, 0x0000000100000000)
  eden space 16384K, 100% used [0x00000000eb500000,0x00000000ec500000,0x00000000ec500000)
  from space 2560K, 98% used [0x00000000ec780000,0x00000000ec9f8020,0x00000000eca00000)
  to   space 2560K, 0% used [0x00000000ec500000,0x00000000ec500000,0x00000000ec780000)
 ParOldGen       total 44032K, used 2357K [0x00000000c1e00000, 0x00000000c4900000, 0x00000000eb500000)
  object space 44032K, 5% used [0x00000000c1e00000,0x00000000c204d428,0x00000000c4900000)
 Metaspace       used 13021K, capacity 13564K, committed 13824K, reserved 1060864K
  class space    used 1590K, capacity 1756K, committed 1792K, reserved 1048576K
Event: 2.425 GC heap after
Heap after GC invocations=3 (full 0):
 PSYoungGen      total 18944K, used 2528K [0x00000000eb500000, 0x00000000eca00000, 0x0000000100000000)
  eden space 16384K, 0% used [0x00000000eb500000,0x00000000eb500000,0x00000000ec500000)
  from space 2560K, 98% used [0x00000000ec500000,0x00000000ec778030,0x00000000ec780000)
  to   space 2560K, 0% used [0x00000000ec780000,0x00000000ec780000,0x00000000eca00000)
 ParOldGen       total 44032K, used 4389K [0x00000000c1e00000, 0x00000000c4900000, 0x00000000eb500000)
  object space 44032K, 9% used [0x00000000c1e00000,0x00000000c22497f0,0x00000000c4900000)
 Metaspace       used 13021K, capacity 13564K, committed 13824K, reserved 1060864K
  class space    used 1590K, capacity 1756K, committed 1792K, reserved 1048576K
}

Deoptimization events (10 events):
Event: 2.469 Thread 0x0000025a02697800 Uncommon trap: reason=class_check action=maybe_recompile pc=0x0000025a0450b404 method=java.util.regex.Matcher.search(I)Z @ 86
Event: 2.469 Thread 0x0000025a02697800 Uncommon trap: reason=class_check action=maybe_recompile pc=0x0000025a0441c964 method=java.util.regex.Pattern$Curly.match(Ljava/util/regex/Matcher;ILjava/lang/CharSequence;)Z @ 19
Event: 2.469 Thread 0x0000025a02697800 Uncommon trap: reason=class_check action=maybe_recompile pc=0x0000025a0450b404 method=java.util.regex.Matcher.search(I)Z @ 86
Event: 2.469 Thread 0x0000025a02697800 Uncommon trap: reason=class_check action=maybe_recompile pc=0x0000025a0450b404 method=java.util.regex.Matcher.search(I)Z @ 86
Event: 2.469 Thread 0x0000025a02697800 Uncommon trap: reason=class_check action=maybe_recompile pc=0x0000025a0450b404 method=java.util.regex.Matcher.search(I)Z @ 86
Event: 2.469 Thread 0x0000025a02697800 Uncommon trap: reason=class_check action=maybe_recompile pc=0x0000025a0441c964 method=java.util.regex.Pattern$Curly.match(Ljava/util/regex/Matcher;ILjava/lang/CharSequence;)Z @ 19
Event: 2.478 Thread 0x0000025a02697800 Uncommon trap: reason=class_check action=maybe_recompile pc=0x0000025a0441c964 method=java.util.regex.Pattern$Curly.match(Ljava/util/regex/Matcher;ILjava/lang/CharSequence;)Z @ 19
Event: 2.478 Thread 0x0000025a02697800 Uncommon trap: reason=class_check action=maybe_recompile pc=0x0000025a0441c964 method=java.util.regex.Pattern$Curly.match(Ljava/util/regex/Matcher;ILjava/lang/CharSequence;)Z @ 19
Event: 2.541 Thread 0x0000025a02697800 Uncommon trap: reason=unstable_if action=reinterpret pc=0x0000025a04572368 method=java.util.regex.Pattern$BmpCharProperty.match(Ljava/util/regex/Matcher;ILjava/lang/CharSequence;)Z @ 34
Event: 3.814 Thread 0x0000025a02697800 Uncommon trap: reason=class_check action=maybe_recompile pc=0x0000025a0446992c method=java.util.HashMap.putVal(ILjava/lang/Object;Ljava/lang/Object;ZZ)Ljava/lang/Object; @ 253

Classes redefined (0 events):
No events

Internal exceptions (10 events):
Event: 2.344 Thread 0x0000025a02697800 Exception <a 'java/lang/NoSuchMethodError': java.lang.Object.lambda$or$2(Ljava/util/function/Predicate;Ljava/lang/Object;)Z> (0x00000000ec1a69c0) thrown at [C:\jenkins\workspace\8-2-build-windows-amd64-cygwin\jdk8u301\1513\hotspot\src\share\vm\interpreter
Event: 3.858 Thread 0x0000025a02697800 Exception <a 'java/net/SocketTimeoutException': Read timed out> (0x00000000ec09da48) thrown at [C:\jenkins\workspace\8-2-build-windows-amd64-cygwin\jdk8u301\1513\hotspot\src\share\vm\prims\jni.cpp, line 737]
Event: 5.439 Thread 0x0000025a02697800 Exception <a 'java/lang/NoSuchMethodError': java.lang.Object.lambda$static$0(Ljava/time/Duration;)V> (0x00000000ec143700) thrown at [C:\jenkins\workspace\8-2-build-windows-amd64-cygwin\jdk8u301\1513\hotspot\src\share\vm\interpreter\linkResolver.cpp, line 
Event: 5.455 Thread 0x0000025a02697800 Exception <a 'java/net/SocketTimeoutException': Read timed out> (0x00000000ec184558) thrown at [C:\jenkins\workspace\8-2-build-windows-amd64-cygwin\jdk8u301\1513\hotspot\src\share\vm\prims\jni.cpp, line 737]
Event: 6.027 Thread 0x0000025a02697800 Exception <a 'java/net/SocketTimeoutException': Read timed out> (0x00000000ec1e95e0) thrown at [C:\jenkins\workspace\8-2-build-windows-amd64-cygwin\jdk8u301\1513\hotspot\src\share\vm\prims\jni.cpp, line 737]
Event: 6.539 Thread 0x0000025a02697800 Exception <a 'java/net/SocketTimeoutException': Read timed out> (0x00000000ec1fe448) thrown at [C:\jenkins\workspace\8-2-build-windows-amd64-cygwin\jdk8u301\1513\hotspot\src\share\vm\prims\jni.cpp, line 737]
Event: 7.054 Thread 0x0000025a02697800 Exception <a 'java/net/SocketTimeoutException': Read timed out> (0x00000000ec2132c0) thrown at [C:\jenkins\workspace\8-2-build-windows-amd64-cygwin\jdk8u301\1513\hotspot\src\share\vm\prims\jni.cpp, line 737]
Event: 7.580 Thread 0x0000025a02697800 Exception <a 'java/net/SocketTimeoutException': Read timed out> (0x00000000ec228128) thrown at [C:\jenkins\workspace\8-2-build-windows-amd64-cygwin\jdk8u301\1513\hotspot\src\share\vm\prims\jni.cpp, line 737]
Event: 8.092 Thread 0x0000025a02697800 Exception <a 'java/net/SocketTimeoutException': Read timed out> (0x00000000ec23cf90) thrown at [C:\jenkins\workspace\8-2-build-windows-amd64-cygwin\jdk8u301\1513\hotspot\src\share\vm\prims\jni.cpp, line 737]
Event: 8.602 Thread 0x0000025a02697800 Exception <a 'java/net/SocketTimeoutException': Read timed out> (0x00000000ec251e28) thrown at [C:\jenkins\workspace\8-2-build-windows-amd64-cygwin\jdk8u301\1513\hotspot\src\share\vm\prims\jni.cpp, line 737]

Events (10 events):
Event: 5.506 loading class com/google/common/collect/Lists done
Event: 5.508 loading class com/google/common/collect/Lists$StringAsImmutableList
Event: 5.508 loading class com/google/common/collect/Lists$StringAsImmutableList done
Event: 5.509 loading class org/openqa/selenium/By
Event: 5.509 loading class org/openqa/selenium/By done
Event: 5.509 loading class org/openqa/selenium/NoSuchElementException
Event: 5.509 loading class org/openqa/selenium/NoSuchElementException done
Event: 5.509 loading class org/openqa/selenium/By
Event: 5.509 loading class org/openqa/selenium/By done
Event: 7.153 Thread 0x0000025a186ee800 Thread exited: 0x0000025a186ee800


Dynamic libraries:
0x00007ff7869f0000 - 0x00007ff786a37000 	C:\Program Files\Java\jdk1.8.0_301\bin\java.exe
0x00007ff8209e0000 - 0x00007ff820bcd000 	C:\Windows\SYSTEM32\ntdll.dll
0x00007ff81edd0000 - 0x00007ff81ee83000 	C:\Windows\System32\KERNEL32.DLL
0x00007ff81cdb0000 - 0x00007ff81d045000 	C:\Windows\System32\KERNELBASE.dll
0x00007ff81e630000 - 0x00007ff81e6d4000 	C:\Windows\System32\ADVAPI32.dll
0x00007ff81e8b0000 - 0x00007ff81e94e000 	C:\Windows\System32\msvcrt.dll
0x00007ff81efa0000 - 0x00007ff81f03e000 	C:\Windows\System32\sechost.dll
0x00007ff81e6e0000 - 0x00007ff81e7ff000 	C:\Windows\System32\RPCRT4.dll
0x00007ff820540000 - 0x00007ff8206d8000 	C:\Windows\System32\USER32.dll
0x00007ff81cd90000 - 0x00007ff81cdb0000 	C:\Windows\System32\win32u.dll
0x00007ff81e9e0000 - 0x00007ff81ea09000 	C:\Windows\System32\GDI32.dll
0x00007ff81cb60000 - 0x00007ff81ccfc000 	C:\Windows\System32\gdi32full.dll
0x00007ff81cac0000 - 0x00007ff81cb60000 	C:\Windows\System32\msvcp_win.dll
0x00007ff81d950000 - 0x00007ff81da4a000 	C:\Windows\System32\ucrtbase.dll
0x00007ff8080e0000 - 0x00007ff808359000 	C:\Windows\WinSxS\amd64_microsoft.windows.common-controls_6595b64144ccf1df_6.0.17763.2061_none_de73cf545348ec45\COMCTL32.dll
0x00007ff81e280000 - 0x00007ff81e5ad000 	C:\Windows\System32\combase.dll
0x00007ff81cd00000 - 0x00007ff81cd82000 	C:\Windows\System32\bcryptPrimitives.dll
0x00007ff81eb80000 - 0x00007ff81ebae000 	C:\Windows\System32\IMM32.DLL
0x00007ffffca40000 - 0x00007ffffca55000 	C:\Program Files\Java\jdk1.8.0_301\jre\bin\vcruntime140.dll
0x00007ffffc920000 - 0x00007ffffc9bb000 	C:\Program Files\Java\jdk1.8.0_301\jre\bin\msvcp140.dll
0x0000000055670000 - 0x0000000055ed0000 	C:\Program Files\Java\jdk1.8.0_301\jre\bin\server\jvm.dll
0x00007ff81eb70000 - 0x00007ff81eb78000 	C:\Windows\System32\PSAPI.DLL
0x00007ffffc910000 - 0x00007ffffc919000 	C:\Windows\SYSTEM32\WSOCK32.dll
0x00007ff81ebb0000 - 0x00007ff81ec1d000 	C:\Windows\System32\WS2_32.dll
0x00007ff817810000 - 0x00007ff817834000 	C:\Windows\SYSTEM32\WINMM.dll
0x00007ff80dc50000 - 0x00007ff80dc5a000 	C:\Windows\SYSTEM32\VERSION.dll
0x00007ff8177e0000 - 0x00007ff81780d000 	C:\Windows\SYSTEM32\WINMMBASE.dll
0x00007ff81d8a0000 - 0x00007ff81d8ea000 	C:\Windows\System32\cfgmgr32.dll
0x00007ff81c9f0000 - 0x00007ff81ca01000 	C:\Windows\System32\kernel.appcore.dll
0x00007ffffc890000 - 0x00007ffffc8a0000 	C:\Program Files\Java\jdk1.8.0_301\jre\bin\verify.dll
0x00007ffffc860000 - 0x00007ffffc88b000 	C:\Program Files\Java\jdk1.8.0_301\jre\bin\java.dll
0x00007fffef2b0000 - 0x00007fffef2e0000 	C:\Program Files\Java\jdk1.8.0_301\jre\bin\instrument.dll
0x00007ffff99b0000 - 0x00007ffff99c8000 	C:\Program Files\Java\jdk1.8.0_301\jre\bin\zip.dll
0x00007ff81f040000 - 0x00007ff820539000 	C:\Windows\System32\SHELL32.dll
0x00007ff81e800000 - 0x00007ff81e8a8000 	C:\Windows\System32\shcore.dll
0x00007ff81d130000 - 0x00007ff81d87b000 	C:\Windows\System32\windows.storage.dll
0x00007ff81ca70000 - 0x00007ff81ca94000 	C:\Windows\System32\profapi.dll
0x00007ff81ca10000 - 0x00007ff81ca6d000 	C:\Windows\System32\powrprof.dll
0x00007ff8206e0000 - 0x00007ff820732000 	C:\Windows\System32\shlwapi.dll
0x00007ff81d880000 - 0x00007ff81d897000 	C:\Windows\System32\cryptsp.dll
0x00007ff80c9d0000 - 0x00007ff80c9ea000 	C:\Program Files\JetBrains\IntelliJ IDEA Community Edition 2021.2\bin\breakgen64.dll
0x00007ffffb520000 - 0x00007ffffb53c000 	C:\Program Files\Java\jdk1.8.0_301\jre\bin\net.dll
0x00007ff81c1c0000 - 0x00007ff81c227000 	C:\Windows\system32\mswsock.dll
0x00007ff81bf20000 - 0x00007ff81bfe6000 	C:\Windows\SYSTEM32\DNSAPI.dll
0x00007ff81e9d0000 - 0x00007ff81e9d8000 	C:\Windows\System32\NSI.dll
0x00007ff81bee0000 - 0x00007ff81bf1d000 	C:\Windows\SYSTEM32\IPHLPAPI.DLL
0x00007ff809d00000 - 0x00007ff809d0a000 	C:\Windows\System32\rasadhlp.dll
0x00007ff80a480000 - 0x00007ff80a4f9000 	C:\Windows\System32\fwpuclnt.dll
0x00007ff81d100000 - 0x00007ff81d126000 	C:\Windows\System32\bcrypt.dll
0x00007ff8073b0000 - 0x00007ff8073d4000 	C:\Program Files\Java\jdk1.8.0_301\jre\bin\sunec.dll
0x00007ff80d250000 - 0x00007ff80d266000 	C:\Windows\SYSTEM32\dhcpcsvc6.DLL
0x00007ff80dbe0000 - 0x00007ff80dbfc000 	C:\Windows\SYSTEM32\dhcpcsvc.DLL
0x00007ffff9a50000 - 0x00007ffff9a63000 	C:\Program Files\Java\jdk1.8.0_301\jre\bin\nio.dll
0x00007ff81bd50000 - 0x00007ff81bd83000 	C:\Windows\system32\rsaenh.dll
0x00007ff81c920000 - 0x00007ff81c949000 	C:\Windows\SYSTEM32\USERENV.dll
0x00007ff81c390000 - 0x00007ff81c39c000 	C:\Windows\SYSTEM32\CRYPTBASE.dll
0x00007ff817750000 - 0x00007ff8177dc000 	C:\Windows\system32\apphelp.dll
0x00007ffffb3a0000 - 0x00007ffffb3b6000 	C:\Windows\system32\napinsp.dll
0x00007ffff90d0000 - 0x00007ffff90ea000 	C:\Windows\system32\pnrpnsp.dll
0x00007ff807140000 - 0x00007ff80714e000 	C:\Windows\System32\winrnr.dll
0x00007ff815d80000 - 0x00007ff815d9b000 	C:\Windows\system32\NLAapi.dll
0x00007ff80fdb0000 - 0x00007ff80fdc5000 	C:\Windows\system32\wshbth.dll

VM Arguments:
jvm_args: -ea -Didea.test.cyclic.buffer.size=1048576 -javaagent:C:\Program Files\JetBrains\IntelliJ IDEA Community Edition 2021.2\lib\idea_rt.jar=57414:C:\Program Files\JetBrains\IntelliJ IDEA Community Edition 2021.2\bin -Dfile.encoding=UTF-8 
java_command: com.intellij.rt.junit.JUnitStarter -ideVersion5 -junit4 tests.ArticleTests
java_class_path (initial): C:\Program Files\JetBrains\IntelliJ IDEA Community Edition 2021.2\lib\idea_rt.jar;C:\Program Files\JetBrains\IntelliJ IDEA Community Edition 2021.2\plugins\junit\lib\junit5-rt.jar;C:\Program Files\JetBrains\IntelliJ IDEA Community Edition 2021.2\plugins\junit\lib\junit-rt.jar;C:\Program Files\Java\jdk1.8.0_301\jre\lib\charsets.jar;C:\Program Files\Java\jdk1.8.0_301\jre\lib\deploy.jar;C:\Program Files\Java\jdk1.8.0_301\jre\lib\ext\access-bridge-64.jar;C:\Program Files\Java\jdk1.8.0_301\jre\lib\ext\cldrdata.jar;C:\Program Files\Java\jdk1.8.0_301\jre\lib\ext\dnsns.jar;C:\Program Files\Java\jdk1.8.0_301\jre\lib\ext\jaccess.jar;C:\Program Files\Java\jdk1.8.0_301\jre\lib\ext\jfxrt.jar;C:\Program Files\Java\jdk1.8.0_301\jre\lib\ext\localedata.jar;C:\Program Files\Java\jdk1.8.0_301\jre\lib\ext\nashorn.jar;C:\Program Files\Java\jdk1.8.0_301\jre\lib\ext\sunec.jar;C:\Program Files\Java\jdk1.8.0_301\jre\lib\ext\sunjce_provider.jar;C:\Program Files\Java\jdk1.8.0_301\jre\lib\ext\sunmscapi.jar;C:\Program Files\Java\jdk1.8.0_301\jre\lib\ext\sunpkcs11.jar;C:\Program Files\Java\jdk1.8.0_301\jre\lib\ext\zipfs.jar;C:\Program Files\Java\jdk1.8.0_301\jre\lib\javaws.jar;C:\Program Files\Java\jdk1.8.0_301\jre\lib\jce.jar;C:\Program Files\Java\jdk1.8.0_301\jre\lib\jfr.jar;C:\Program Files\Java\jdk1.8.0_301\jre\lib\jfxswt.jar;C:\Program Files\Java\jdk1.8.0_301\jre\lib\jsse.jar;C:\Program Files\Java\jdk1.8.0_301\jre\lib\management-agent.jar;C:\Program Files\Java\jdk1.8.0_301\jre\lib\plugin.jar;C:\Program Files\Java\jdk1.8.0_301\jre\lib\resources.jar;C:\Program Files\Java\jdk1.8.0_301\jre\lib\rt.jar;C:\1\target\test-classes;C:\1\target\classes;C:\Users\Alex\.m2\repository\junit\junit\4.12\junit-4.12.jar;C:\Users\Alex\.m2\repository\org\hamcrest\hamcrest-core\1.3\hamcrest-core-1.3.jar;C:\Users\Alex\.m2\repository\io\appium\java-client\6.1.0\java-client-6.1.0.jar;C:\Users\Alex\.m2\repository\org\seleniumhq\selenium\selenium-java\3.12.0\selenium-java-3.12.0.jar;C:\Use
Launcher Type: SUN_STANDARD

Environment Variables:
JAVA_HOME=C:\Program Files\Java\jdk1.8.0_301
CLASSPATH=C:\Program Files\Java\jdk1.8.0_301\lib
PATH=C:\Program Files (x86)\Common Files\Oracle\Java\javapath;C:\Windows\system32;C:\Windows;C:\Windows\System32\Wbem;C:\Windows\System32\WindowsPowerShell\v1.0\;C:\Program Files\Git\cmd;C:\Program Files\nodejs\;C:\Users\Alex\AppData\Local\Microsoft\WindowsApps;C:\Users\Alex\AppData\Local\GitHubDesktop\bin;C:\Program Files\Java\jdk1.8.0_301\bin;C:\Java\apache-maven-3.8.2\bin;C:\Users\Alex\AppData\Local\Android\Sdk\emulator;C:\Users\Alex\AppData\Local\Android\Sdk\tools;C:\Users\Alex\AppData\Local\Android\Sdk\tools\bin;C:\Users\Alex\AppData\Local\Android\Sdk\platform-tools;C:\Users\Alex\AppData\Roaming\npm;
USERNAME=Alex
OS=Windows_NT
PROCESSOR_IDENTIFIER=Intel64 Family 6 Model 142 Stepping 9, GenuineIntel



---------------  S Y S T E M  ---------------

OS: Windows 10.0 , 64 bit Build 17763 (10.0.17763.2028)

CPU:total 4 (initial active 4) (2 cores per cpu, 2 threads per core) family 6 model 142 stepping 9, cmov, cx8, fxsr, mmx, sse, sse2, sse3, ssse3, sse4.1, sse4.2, popcnt, avx, avx2, aes, clmul, erms, 3dnowpref, lzcnt, ht, tsc, tscinvbit, bmi1, bmi2, adx

Memory: 4k page, physical 4068580k(131348k free), swap 6165732k(140k free)

vm_info: Java HotSpot(TM) 64-Bit Server VM (25.301-b09) for windows-amd64 JRE (1.8.0_301-b09), built on Jun  9 2021 06:46:21 by "java_re" with MS VC++ 15.9 (VS2017)

time: Tue Aug 24 15:42:00 2021
timezone: RTZ 2 (ceia)
elapsed time: 9.110014 seconds (0d 0h 0m 9s)

