#
# There is insufficient memory for the Java Runtime Environment to continue.
# Native memory allocation (malloc) failed to allocate 299616 bytes for Chunk::new
# Possible reasons:
#   The system is out of physical RAM or swap space
#   The process is running with CompressedOops enabled, and the Java Heap may be blocking the growth of the native heap
# Possible solutions:
#   Reduce memory load on the system
#   Increase physical memory or swap space
#   Check if swap backing store is full
#   Decrease Java heap size (-Xmx/-Xms)
#   Decrease number of Java threads
#   Decrease Java thread stack sizes (-Xss)
#   Set larger code cache with -XX:ReservedCodeCacheSize=
#   JVM is running with Unscaled Compressed Oops mode in which the Java heap is
#     placed in the first 4GB address space. The Java Heap base address is the
#     maximum limit for the native heap growth. Please use -XX:HeapBaseMinAddress
#     to set the Java Heap base and to place the Java Heap above 4GB virtual address.
# This output file may be truncated or incomplete.
#
#  Out of Memory Error (allocation.cpp:389), pid=6756, tid=0x0000000000001ab8
#
# JRE version: Java(TM) SE Runtime Environment (8.0_301-b09) (build 1.8.0_301-b09)
# Java VM: Java HotSpot(TM) 64-Bit Server VM (25.301-b09 mixed mode windows-amd64 compressed oops)
# Failed to write core dump. Minidumps are not enabled by default on client versions of Windows
#

---------------  T H R E A D  ---------------

Current thread (0x000002107f471000):  JavaThread "C2 CompilerThread1" daemon [_thread_in_native, id=6840, stack(0x000000a44d300000,0x000000a44d400000)]

Stack: [0x000000a44d300000,0x000000a44d400000]
Native frames: (J=compiled Java code, j=interpreted, Vv=VM code, C=native code)
V  [jvm.dll+0x32ed79]


Current CompileTask:
C2:  10023 2171       4       java.io.WinNTFileSystem::normalize (143 bytes)


---------------  P R O C E S S  ---------------

Java Threads: ( => current thread )
  0x00000210116cd000 JavaThread "qtp970419381-25" [_thread_blocked, id=6576, stack(0x000000a44e100000,0x000000a44e200000)]
  0x00000210116cb800 JavaThread "Connector-Scheduler-6337c201" [_thread_blocked, id=3076, stack(0x000000a44e300000,0x000000a44e400000)]
  0x00000210116ca000 JavaThread "AWT-Windows" daemon [_thread_in_native, id=7324, stack(0x000000a44e200000,0x000000a44e300000)]
  0x0000021014085800 JavaThread "Java2D Disposer" daemon [_thread_blocked, id=2728, stack(0x000000a44e000000,0x000000a44e100000)]
  0x0000021012c0e800 JavaThread "qtp970419381-19" [_thread_blocked, id=5308, stack(0x000000a44df00000,0x000000a44e000000)]
  0x00000210127c7000 JavaThread "qtp970419381-18" [_thread_blocked, id=6708, stack(0x000000a44de00000,0x000000a44df00000)]
  0x00000210127c6000 JavaThread "qtp970419381-17" [_thread_in_native, id=3204, stack(0x000000a44dd00000,0x000000a44de00000)]
  0x00000210127c5800 JavaThread "qtp970419381-16" [_thread_blocked, id=6236, stack(0x000000a44dc00000,0x000000a44dd00000)]
  0x00000210127c4800 JavaThread "qtp970419381-15" [_thread_in_native, id=1176, stack(0x000000a44db00000,0x000000a44dc00000)]
  0x0000021014087000 JavaThread "qtp970419381-14-acceptor-0@1dcb7360-ServerConnector@6337c201{HTTP/1.1,[http/1.1]}{0.0.0.0:62517}" [_thread_in_native, id=7984, stack(0x000000a44da00000,0x000000a44db00000)]
  0x0000021014086000 JavaThread "qtp970419381-13" [_thread_blocked, id=2000, stack(0x000000a44d900000,0x000000a44da00000)]
  0x0000021012aa7800 JavaThread "qtp970419381-12" [_thread_blocked, id=1224, stack(0x000000a44d800000,0x000000a44d900000)]
  0x000002107f4ff000 JavaThread "Service Thread" daemon [_thread_blocked, id=6564, stack(0x000000a44d500000,0x000000a44d600000)]
  0x000002107f473800 JavaThread "C1 CompilerThread2" daemon [_thread_blocked, id=2700, stack(0x000000a44d400000,0x000000a44d500000)]
=>0x000002107f471000 JavaThread "C2 CompilerThread1" daemon [_thread_in_native, id=6840, stack(0x000000a44d300000,0x000000a44d400000)]
  0x000002107f46c800 JavaThread "C2 CompilerThread0" daemon [_thread_blocked, id=7028, stack(0x000000a44d200000,0x000000a44d300000)]
  0x000002107f46b000 JavaThread "Attach Listener" daemon [_thread_blocked, id=5452, stack(0x000000a44d100000,0x000000a44d200000)]
  0x000002107f46a800 JavaThread "Signal Dispatcher" daemon [_thread_blocked, id=3840, stack(0x000000a44d000000,0x000000a44d100000)]
  0x000002107f440800 JavaThread "Finalizer" daemon [_thread_blocked, id=6856, stack(0x000000a44cf00000,0x000000a44d000000)]
  0x000002107f438800 JavaThread "Reference Handler" daemon [_thread_blocked, id=6720, stack(0x000000a44ce00000,0x000000a44cf00000)]
  0x000002107c176800 JavaThread "main" [_thread_blocked, id=8072, stack(0x000000a44c800000,0x000000a44c900000)]

Other Threads:
  0x000002107ecfc800 VMThread [stack: 0x000000a44cd00000,0x000000a44ce00000] [id=2716]
  0x000002107f513800 WatcherThread [stack: 0x000000a44d600000,0x000000a44d700000] [id=2748]

VM state:not at safepoint (normal execution)

VM Mutex/Monitor currently owned by a thread: None

heap address: 0x00000000c1e00000, size: 994 MB, Compressed Oops mode: 32-bit
Narrow klass base: 0x0000000000000000, Narrow klass shift: 3
Compressed class space size: 1073741824 Address: 0x0000000100000000

Heap:
 PSYoungGen      total 53760K, used 10248K [0x00000000eb500000, 0x00000000f0080000, 0x0000000100000000)
  eden space 48128K, 9% used [0x00000000eb500000,0x00000000eb98d388,0x00000000ee400000)
  from space 5632K, 99% used [0x00000000efb00000,0x00000000f0074cd8,0x00000000f0080000)
  to   space 6656K, 0% used [0x00000000ef380000,0x00000000ef380000,0x00000000efa00000)
 ParOldGen       total 35328K, used 6640K [0x00000000c1e00000, 0x00000000c4080000, 0x00000000eb500000)
  object space 35328K, 18% used [0x00000000c1e00000,0x00000000c247c3e0,0x00000000c4080000)
 Metaspace       used 28612K, capacity 29714K, committed 29872K, reserved 1075200K
  class space    used 3474K, capacity 3682K, committed 3760K, reserved 1048576K

Card table byte_map: [0x000002107deb0000,0x000002107e0b0000] byte_map_base: 0x000002107d8a1000

Marking Bits: (ParMarkBitMap*) 0x0000000055e57fe0
 Begin Bits: [0x000002100f000000, 0x000002100ff88000)
 End Bits:   [0x000002100ff88000, 0x0000021010f10000)

Polling page: 0x000002107c110000

CodeCache: size=245760Kb used=7361Kb max_used=7361Kb free=238398Kb
 bounds [0x0000021000000000, 0x0000021000740000, 0x000002100f000000]
 total_blobs=2757 nmethods=2210 adapters=459
 compilation: enabled

Compilation events (10 events):
Event: 10.006 Thread 0x000002107f473800 2210       3       java.nio.ByteBuffer::hasArray (20 bytes)
Event: 10.006 Thread 0x000002107f473800 nmethod 2210 0x0000021000732210 code [0x0000021000732360, 0x0000021000732558]
Event: 10.006 Thread 0x000002107f473800 2211       1       org.eclipse.jetty.http.MetaData$Request::getMethod (5 bytes)
Event: 10.006 Thread 0x000002107f473800 nmethod 2211 0x00000210007325d0 code [0x0000021000732720, 0x0000021000732838]
Event: 10.008 Thread 0x000002107f473800 2212       3       java.util.HashMap$HashIterator::<init> (79 bytes)
Event: 10.008 Thread 0x000002107f473800 nmethod 2212 0x0000021000732890 code [0x0000021000732a00, 0x0000021000732d98]
Event: 10.008 Thread 0x000002107f473800 2213       3       sun.nio.fs.Util::followLinks (66 bytes)
Event: 10.009 Thread 0x000002107f473800 nmethod 2213 0x0000021000732f10 code [0x00000210007330a0, 0x00000210007334c0]
Event: 10.009 Thread 0x000002107f473800 2214       1       org.eclipse.jetty.io.ManagedSelector::access$900 (5 bytes)
Event: 10.009 Thread 0x000002107f473800 nmethod 2214 0x00000210007336d0 code [0x0000021000733820, 0x0000021000733918]

GC Heap History (10 events):
Event: 1.372 GC heap before
{Heap before GC invocations=3 (full 0):
 PSYoungGen      total 18944K, used 18930K [0x00000000eb500000, 0x00000000eda00000, 0x0000000100000000)
  eden space 16384K, 100% used [0x00000000eb500000,0x00000000ec500000,0x00000000ec500000)
  from space 2560K, 99% used [0x00000000ec780000,0x00000000ec9fc8a8,0x00000000eca00000)
  to   space 2560K, 0% used [0x00000000ec500000,0x00000000ec500000,0x00000000ec780000)
 ParOldGen       total 44032K, used 4469K [0x00000000c1e00000, 0x00000000c4900000, 0x00000000eb500000)
  object space 44032K, 10% used [0x00000000c1e00000,0x00000000c225d7b8,0x00000000c4900000)
 Metaspace       used 16295K, capacity 16970K, committed 17152K, reserved 1064960K
  class space    used 1926K, capacity 2033K, committed 2048K, reserved 1048576K
Event: 1.378 GC heap after
Heap after GC invocations=3 (full 0):
 PSYoungGen      total 18944K, used 2528K [0x00000000eb500000, 0x00000000eda00000, 0x0000000100000000)
  eden space 16384K, 0% used [0x00000000eb500000,0x00000000eb500000,0x00000000ec500000)
  from space 2560K, 98% used [0x00000000ec500000,0x00000000ec778020,0x00000000ec780000)
  to   space 2560K, 0% used [0x00000000ed780000,0x00000000ed780000,0x00000000eda00000)
 ParOldGen       total 44032K, used 7446K [0x00000000c1e00000, 0x00000000c4900000, 0x00000000eb500000)
  object space 44032K, 16% used [0x00000000c1e00000,0x00000000c2545918,0x00000000c4900000)
 Metaspace       used 16295K, capacity 16970K, committed 17152K, reserved 1064960K
  class space    used 1926K, capacity 2033K, committed 2048K, reserved 1048576K
}
Event: 1.666 GC heap before
{Heap before GC invocations=4 (full 0):
 PSYoungGen      total 18944K, used 18912K [0x00000000eb500000, 0x00000000eda00000, 0x0000000100000000)
  eden space 16384K, 100% used [0x00000000eb500000,0x00000000ec500000,0x00000000ec500000)
  from space 2560K, 98% used [0x00000000ec500000,0x00000000ec778020,0x00000000ec780000)
  to   space 2560K, 0% used [0x00000000ed780000,0x00000000ed780000,0x00000000eda00000)
 ParOldGen       total 44032K, used 7446K [0x00000000c1e00000, 0x00000000c4900000, 0x00000000eb500000)
  object space 44032K, 16% used [0x00000000c1e00000,0x00000000c2545918,0x00000000c4900000)
 Metaspace       used 19264K, capacity 20098K, committed 20224K, reserved 1067008K
  class space    used 2285K, capacity 2445K, committed 2560K, reserved 1048576K
Event: 1.671 GC heap after
Heap after GC invocations=4 (full 0):
 PSYoungGen      total 35328K, used 2544K [0x00000000eb500000, 0x00000000eda00000, 0x0000000100000000)
  eden space 32768K, 0% used [0x00000000eb500000,0x00000000eb500000,0x00000000ed500000)
  from space 2560K, 99% used [0x00000000ed780000,0x00000000ed9fc040,0x00000000eda00000)
  to   space 2560K, 0% used [0x00000000ed500000,0x00000000ed500000,0x00000000ed780000)
 ParOldGen       total 44032K, used 10196K [0x00000000c1e00000, 0x00000000c4900000, 0x00000000eb500000)
  object space 44032K, 23% used [0x00000000c1e00000,0x00000000c27f5370,0x00000000c4900000)
 Metaspace       used 19264K, capacity 20098K, committed 20224K, reserved 1067008K
  class space    used 2285K, capacity 2445K, committed 2560K, reserved 1048576K
}
Event: 1.881 GC heap before
{Heap before GC invocations=5 (full 0):
 PSYoungGen      total 35328K, used 9615K [0x00000000eb500000, 0x00000000eda00000, 0x0000000100000000)
  eden space 32768K, 21% used [0x00000000eb500000,0x00000000ebbe7bf0,0x00000000ed500000)
  from space 2560K, 99% used [0x00000000ed780000,0x00000000ed9fc040,0x00000000eda00000)
  to   space 2560K, 0% used [0x00000000ed500000,0x00000000ed500000,0x00000000ed780000)
 ParOldGen       total 44032K, used 10196K [0x00000000c1e00000, 0x00000000c4900000, 0x00000000eb500000)
  object space 44032K, 23% used [0x00000000c1e00000,0x00000000c27f5370,0x00000000c4900000)
 Metaspace       used 20234K, capacity 21148K, committed 21296K, reserved 1069056K
  class space    used 2397K, capacity 2581K, committed 2608K, reserved 1048576K
Event: 1.886 GC heap after
Heap after GC invocations=5 (full 0):
 PSYoungGen      total 35328K, used 2544K [0x00000000eb500000, 0x00000000f0100000, 0x0000000100000000)
  eden space 32768K, 0% used [0x00000000eb500000,0x00000000eb500000,0x00000000ed500000)
  from space 2560K, 99% used [0x00000000ed500000,0x00000000ed77c060,0x00000000ed780000)
  to   space 6144K, 0% used [0x00000000efb00000,0x00000000efb00000,0x00000000f0100000)
 ParOldGen       total 44032K, used 11846K [0x00000000c1e00000, 0x00000000c4900000, 0x00000000eb500000)
  object space 44032K, 26% used [0x00000000c1e00000,0x00000000c2991b18,0x00000000c4900000)
 Metaspace       used 20234K, capacity 21148K, committed 21296K, reserved 1069056K
  class space    used 2397K, capacity 2581K, committed 2608K, reserved 1048576K
}
Event: 1.886 GC heap before
{Heap before GC invocations=6 (full 1):
 PSYoungGen      total 35328K, used 2544K [0x00000000eb500000, 0x00000000f0100000, 0x0000000100000000)
  eden space 32768K, 0% used [0x00000000eb500000,0x00000000eb500000,0x00000000ed500000)
  from space 2560K, 99% used [0x00000000ed500000,0x00000000ed77c060,0x00000000ed780000)
  to   space 6144K, 0% used [0x00000000efb00000,0x00000000efb00000,0x00000000f0100000)
 ParOldGen       total 44032K, used 11846K [0x00000000c1e00000, 0x00000000c4900000, 0x00000000eb500000)
  object space 44032K, 26% used [0x00000000c1e00000,0x00000000c2991b18,0x00000000c4900000)
 Metaspace       used 20234K, capacity 21148K, committed 21296K, reserved 1069056K
  class space    used 2397K, capacity 2581K, committed 2608K, reserved 1048576K
Event: 1.915 GC heap after
Heap after GC invocations=6 (full 1):
 PSYoungGen      total 35328K, used 0K [0x00000000eb500000, 0x00000000f0100000, 0x0000000100000000)
  eden space 32768K, 0% used [0x00000000eb500000,0x00000000eb500000,0x00000000ed500000)
  from space 2560K, 0% used [0x00000000ed500000,0x00000000ed500000,0x00000000ed780000)
  to   space 6144K, 0% used [0x00000000efb00000,0x00000000efb00000,0x00000000f0100000)
 ParOldGen       total 35328K, used 6632K [0x00000000c1e00000, 0x00000000c4080000, 0x00000000eb500000)
  object space 35328K, 18% used [0x00000000c1e00000,0x00000000c247a3e0,0x00000000c4080000)
 Metaspace       used 20234K, capacity 21148K, committed 21296K, reserved 1069056K
  class space    used 2397K, capacity 2581K, committed 2608K, reserved 1048576K
}
Event: 3.203 GC heap before
{Heap before GC invocations=7 (full 1):
 PSYoungGen      total 35328K, used 32768K [0x00000000eb500000, 0x00000000f0100000, 0x0000000100000000)
  eden space 32768K, 100% used [0x00000000eb500000,0x00000000ed500000,0x00000000ed500000)
  from space 2560K, 0% used [0x00000000ed500000,0x00000000ed500000,0x00000000ed780000)
  to   space 6144K, 0% used [0x00000000efb00000,0x00000000efb00000,0x00000000f0100000)
 ParOldGen       total 35328K, used 6632K [0x00000000c1e00000, 0x00000000c4080000, 0x00000000eb500000)
  object space 35328K, 18% used [0x00000000c1e00000,0x00000000c247a3e0,0x00000000c4080000)
 Metaspace       used 28274K, capacity 29370K, committed 29616K, reserved 1075200K
  class space    used 3421K, capacity 3634K, committed 3760K, reserved 1048576K
Event: 3.213 GC heap after
Heap after GC invocations=7 (full 1):
 PSYoungGen      total 53760K, used 5587K [0x00000000eb500000, 0x00000000f0080000, 0x0000000100000000)
  eden space 48128K, 0% used [0x00000000eb500000,0x00000000eb500000,0x00000000ee400000)
  from space 5632K, 99% used [0x00000000efb00000,0x00000000f0074cd8,0x00000000f0080000)
  to   space 6656K, 0% used [0x00000000ef380000,0x00000000ef380000,0x00000000efa00000)
 ParOldGen       total 35328K, used 6640K [0x00000000c1e00000, 0x00000000c4080000, 0x00000000eb500000)
  object space 35328K, 18% used [0x00000000c1e00000,0x00000000c247c3e0,0x00000000c4080000)
 Metaspace       used 28274K, capacity 29370K, committed 29616K, reserved 1075200K
  class space    used 3421K, capacity 3634K, committed 3760K, reserved 1048576K
}

Deoptimization events (10 events):
Event: 2.303 Thread 0x00000210124af800 Uncommon trap: reason=class_check action=maybe_recompile pc=0x000002100069d65c method=sun.security.util.math.intpoly.IntegerPolynomial$MutableElement.setSum(Lsun/security/util/math/IntegerModuloP;)Lsun/security/util/math/intpoly/IntegerPolynomial$MutableE
Event: 2.303 Thread 0x00000210124af800 Uncommon trap: reason=class_check action=maybe_recompile pc=0x000002100069d65c method=sun.security.util.math.intpoly.IntegerPolynomial$MutableElement.setSum(Lsun/security/util/math/IntegerModuloP;)Lsun/security/util/math/intpoly/IntegerPolynomial$MutableE
Event: 2.303 Thread 0x00000210124af800 Uncommon trap: reason=class_check action=maybe_recompile pc=0x000002100069d65c method=sun.security.util.math.intpoly.IntegerPolynomial$MutableElement.setSum(Lsun/security/util/math/IntegerModuloP;)Lsun/security/util/math/intpoly/IntegerPolynomial$MutableE
Event: 2.366 Thread 0x00000210124af800 Uncommon trap: reason=bimorphic action=maybe_recompile pc=0x00000210006624c0 method=java.util.regex.Pattern$Branch.match(Ljava/util/regex/Matcher;ILjava/lang/CharSequence;)Z @ 32
Event: 2.367 Thread 0x00000210124af800 Uncommon trap: reason=unstable_if action=reinterpret pc=0x00000210006294cc method=java.util.concurrent.ConcurrentHashMap.putVal(Ljava/lang/Object;Ljava/lang/Object;Z)Ljava/lang/Object; @ 181
Event: 2.436 Thread 0x00000210124af800 Uncommon trap: reason=unstable_if action=reinterpret pc=0x00000210005c4e78 method=java.util.HashMap$HashIterator.<init>(Ljava/util/HashMap;)V @ 45
Event: 2.436 Thread 0x00000210124af800 Uncommon trap: reason=unstable_if action=reinterpret pc=0x00000210005c2bf4 method=java.util.HashMap$HashIterator.<init>(Ljava/util/HashMap;)V @ 45
Event: 2.436 Thread 0x00000210124af800 Uncommon trap: reason=unstable_if action=reinterpret pc=0x00000210005b3c10 method=java.util.HashMap$HashIterator.<init>(Ljava/util/HashMap;)V @ 45
Event: 3.233 Thread 0x00000210127c7000 Uncommon trap: reason=unstable_if action=reinterpret pc=0x000002100057648c method=java.lang.ThreadLocal$ThreadLocalMap.getEntry(Ljava/lang/ThreadLocal;)Ljava/lang/ThreadLocal$ThreadLocalMap$Entry; @ 29
Event: 6.760 Thread 0x0000021012aa7800 Uncommon trap: reason=unstable_if action=reinterpret pc=0x00000210005013e0 method=java.util.concurrent.ConcurrentHashMap.addCount(JI)V @ 34

Classes redefined (0 events):
No events

Internal exceptions (10 events):
Event: 1.563 Thread 0x000002107c176800 Exception <a 'sun/nio/fs/WindowsException'> (0x00000000ebe6d3e0) thrown at [C:\jenkins\workspace\8-2-build-windows-amd64-cygwin\jdk8u301\1513\hotspot\src\share\vm\prims\jni.cpp, line 710]
Event: 2.437 Thread 0x000002107c176800 Exception <a 'sun/nio/fs/WindowsException'> (0x00000000ec7852b8) thrown at [C:\jenkins\workspace\8-2-build-windows-amd64-cygwin\jdk8u301\1513\hotspot\src\share\vm\prims\jni.cpp, line 710]
Event: 2.439 Thread 0x000002107c176800 Exception <a 'sun/nio/fs/WindowsException'> (0x00000000ec792540) thrown at [C:\jenkins\workspace\8-2-build-windows-amd64-cygwin\jdk8u301\1513\hotspot\src\share\vm\prims\jni.cpp, line 710]
Event: 2.444 Thread 0x000002107c176800 Exception <a 'java/lang/ClassNotFoundException': io/qameta/allure/csv/CsvExportBehaviorBeanInfo> (0x00000000ec901700) thrown at [C:\jenkins\workspace\8-2-build-windows-amd64-cygwin\jdk8u301\1513\hotspot\src\share\vm\classfile\systemDictionary.cpp, line 21
Event: 2.444 Thread 0x000002107c176800 Exception <a 'java/lang/ClassNotFoundException': io/qameta/allure/csv/CsvExportBehaviorCustomizer> (0x00000000ec90e5a8) thrown at [C:\jenkins\workspace\8-2-build-windows-amd64-cygwin\jdk8u301\1513\hotspot\src\share\vm\classfile\systemDictionary.cpp, line 
Event: 2.446 Thread 0x000002107c176800 Exception <a 'sun/nio/fs/WindowsException'> (0x00000000ec91f6a8) thrown at [C:\jenkins\workspace\8-2-build-windows-amd64-cygwin\jdk8u301\1513\hotspot\src\share\vm\prims\jni.cpp, line 710]
Event: 2.448 Thread 0x000002107c176800 Exception <a 'sun/nio/fs/WindowsException'> (0x00000000ec92dc90) thrown at [C:\jenkins\workspace\8-2-build-windows-amd64-cygwin\jdk8u301\1513\hotspot\src\share\vm\prims\jni.cpp, line 710]
Event: 2.593 Thread 0x000002107c176800 Exception <a 'java/lang/ClassNotFoundException': sun/net/www/protocol/c/Handler> (0x00000000ecd88318) thrown at [C:\jenkins\workspace\8-2-build-windows-amd64-cygwin\jdk8u301\1513\hotspot\src\share\vm\classfile\systemDictionary.cpp, line 212]
Event: 2.598 Thread 0x000002107c176800 Exception <a 'sun/nio/fs/WindowsException'> (0x00000000ecda9878) thrown at [C:\jenkins\workspace\8-2-build-windows-amd64-cygwin\jdk8u301\1513\hotspot\src\share\vm\prims\jni.cpp, line 710]
Event: 2.698 Thread 0x000002107c176800 Exception <a 'java/io/FileNotFoundException'> (0x00000000ed048ed8) thrown at [C:\jenkins\workspace\8-2-build-windows-amd64-cygwin\jdk8u301\1513\hotspot\src\share\vm\prims\jni.cpp, line 710]

Events (10 events):
Event: 9.996 Executing VM operation: RevokeBias
Event: 9.996 Executing VM operation: RevokeBias done
Event: 9.996 Executing VM operation: RevokeBias
Event: 9.996 Executing VM operation: RevokeBias done
Event: 10.005 Executing VM operation: RevokeBias
Event: 10.005 Executing VM operation: RevokeBias done
Event: 10.005 Executing VM operation: RevokeBias
Event: 10.005 Executing VM operation: RevokeBias done
Event: 10.009 Executing VM operation: RevokeBias
Event: 10.009 Executing VM operation: RevokeBias done


Dynamic libraries:
0x00007ff7869f0000 - 0x00007ff786a37000 	C:\Program Files\Java\jdk1.8.0_301\bin\java.exe
0x00007ff8209e0000 - 0x00007ff820bcd000 	C:\Windows\SYSTEM32\ntdll.dll
0x00007ff81edd0000 - 0x00007ff81ee83000 	C:\Windows\System32\KERNEL32.DLL
0x00007ff81cdb0000 - 0x00007ff81d045000 	C:\Windows\System32\KERNELBASE.dll
0x00007ff81e630000 - 0x00007ff81e6d4000 	C:\Windows\System32\ADVAPI32.dll
0x00007ff81e8b0000 - 0x00007ff81e94e000 	C:\Windows\System32\msvcrt.dll
0x00007ff81efa0000 - 0x00007ff81f03e000 	C:\Windows\System32\sechost.dll
0x00007ff81e6e0000 - 0x00007ff81e7ff000 	C:\Windows\System32\RPCRT4.dll
0x00007ff820540000 - 0x00007ff8206d8000 	C:\Windows\System32\USER32.dll
0x00007ff81cd90000 - 0x00007ff81cdb0000 	C:\Windows\System32\win32u.dll
0x00007ff81e9e0000 - 0x00007ff81ea09000 	C:\Windows\System32\GDI32.dll
0x00007ff81cb60000 - 0x00007ff81ccfc000 	C:\Windows\System32\gdi32full.dll
0x00007ff81cac0000 - 0x00007ff81cb60000 	C:\Windows\System32\msvcp_win.dll
0x00007ff81d950000 - 0x00007ff81da4a000 	C:\Windows\System32\ucrtbase.dll
0x00007ff8080e0000 - 0x00007ff808359000 	C:\Windows\WinSxS\amd64_microsoft.windows.common-controls_6595b64144ccf1df_6.0.17763.2061_none_de73cf545348ec45\COMCTL32.dll
0x00007ff81e280000 - 0x00007ff81e5ad000 	C:\Windows\System32\combase.dll
0x00007ff81cd00000 - 0x00007ff81cd82000 	C:\Windows\System32\bcryptPrimitives.dll
0x00007ff81eb80000 - 0x00007ff81ebae000 	C:\Windows\System32\IMM32.DLL
0x00007ffffca40000 - 0x00007ffffca55000 	C:\Program Files\Java\jdk1.8.0_301\jre\bin\vcruntime140.dll
0x00007ffffc920000 - 0x00007ffffc9bb000 	C:\Program Files\Java\jdk1.8.0_301\jre\bin\msvcp140.dll
0x0000000055670000 - 0x0000000055ed0000 	C:\Program Files\Java\jdk1.8.0_301\jre\bin\server\jvm.dll
0x00007ff81eb70000 - 0x00007ff81eb78000 	C:\Windows\System32\PSAPI.DLL
0x00007ffffc910000 - 0x00007ffffc919000 	C:\Windows\SYSTEM32\WSOCK32.dll
0x00007ff80dc50000 - 0x00007ff80dc5a000 	C:\Windows\SYSTEM32\VERSION.dll
0x00007ff81ebb0000 - 0x00007ff81ec1d000 	C:\Windows\System32\WS2_32.dll
0x00007ff817810000 - 0x00007ff817834000 	C:\Windows\SYSTEM32\WINMM.dll
0x00007ff8177e0000 - 0x00007ff81780d000 	C:\Windows\SYSTEM32\winmmbase.dll
0x00007ff81d8a0000 - 0x00007ff81d8ea000 	C:\Windows\System32\cfgmgr32.dll
0x00007ff81c9f0000 - 0x00007ff81ca01000 	C:\Windows\System32\kernel.appcore.dll
0x00007ffffc890000 - 0x00007ffffc8a0000 	C:\Program Files\Java\jdk1.8.0_301\jre\bin\verify.dll
0x00007ffffc860000 - 0x00007ffffc88b000 	C:\Program Files\Java\jdk1.8.0_301\jre\bin\java.dll
0x00007ffff99b0000 - 0x00007ffff99c8000 	C:\Program Files\Java\jdk1.8.0_301\jre\bin\zip.dll
0x00007ff81f040000 - 0x00007ff820539000 	C:\Windows\System32\SHELL32.dll
0x00007ff81e800000 - 0x00007ff81e8a8000 	C:\Windows\System32\shcore.dll
0x00007ff81d130000 - 0x00007ff81d87b000 	C:\Windows\System32\windows.storage.dll
0x00007ff81ca70000 - 0x00007ff81ca94000 	C:\Windows\System32\profapi.dll
0x00007ff81ca10000 - 0x00007ff81ca6d000 	C:\Windows\System32\powrprof.dll
0x00007ff8206e0000 - 0x00007ff820732000 	C:\Windows\System32\shlwapi.dll
0x00007ff81d880000 - 0x00007ff81d897000 	C:\Windows\System32\cryptsp.dll
0x00007ff81bd50000 - 0x00007ff81bd83000 	C:\Windows\system32\rsaenh.dll
0x00007ff81d100000 - 0x00007ff81d126000 	C:\Windows\System32\bcrypt.dll
0x00007ff81c920000 - 0x00007ff81c949000 	C:\Windows\SYSTEM32\USERENV.dll
0x00007ff81c390000 - 0x00007ff81c39c000 	C:\Windows\SYSTEM32\CRYPTBASE.dll
0x00007ffffb520000 - 0x00007ffffb53c000 	C:\Program Files\Java\jdk1.8.0_301\jre\bin\net.dll
0x00007ff81c1c0000 - 0x00007ff81c227000 	C:\Windows\system32\mswsock.dll
0x00007ff81bee0000 - 0x00007ff81bf1d000 	C:\Windows\SYSTEM32\IPHLPAPI.DLL
0x00007ff81e9d0000 - 0x00007ff81e9d8000 	C:\Windows\System32\NSI.dll
0x00007ff80d250000 - 0x00007ff80d266000 	C:\Windows\SYSTEM32\dhcpcsvc6.DLL
0x00007ff80dbe0000 - 0x00007ff80dbfc000 	C:\Windows\SYSTEM32\dhcpcsvc.DLL
0x00007ff81bf20000 - 0x00007ff81bfe6000 	C:\Windows\SYSTEM32\DNSAPI.dll
0x00007ffff9a50000 - 0x00007ffff9a63000 	C:\Program Files\Java\jdk1.8.0_301\jre\bin\nio.dll
0x00007ff81ba30000 - 0x00007ff81ba61000 	C:\Windows\SYSTEM32\ntmarta.dll
0x00007ffffb3a0000 - 0x00007ffffb3b6000 	C:\Windows\system32\napinsp.dll
0x00007ffff90d0000 - 0x00007ffff90ea000 	C:\Windows\system32\pnrpnsp.dll
0x00007ff807140000 - 0x00007ff80714e000 	C:\Windows\System32\winrnr.dll
0x00007ff815d80000 - 0x00007ff815d9b000 	C:\Windows\system32\NLAapi.dll
0x00007ff80fdb0000 - 0x00007ff80fdc5000 	C:\Windows\system32\wshbth.dll
0x00007ff809d00000 - 0x00007ff809d0a000 	C:\Windows\System32\rasadhlp.dll
0x00007ff80a480000 - 0x00007ff80a4f9000 	C:\Windows\System32\fwpuclnt.dll
0x00007ff8073b0000 - 0x00007ff8073d4000 	C:\Program Files\Java\jdk1.8.0_301\jre\bin\sunec.dll
0x00007ff807510000 - 0x00007ff80751d000 	C:\Program Files\Java\jdk1.8.0_301\jre\bin\sunmscapi.dll
0x00007ff81da50000 - 0x00007ff81dc33000 	C:\Windows\System32\CRYPT32.dll
0x00007ff81caa0000 - 0x00007ff81cab2000 	C:\Windows\System32\MSASN1.dll
0x00007ff81c4b0000 - 0x00007ff81c4d6000 	C:\Windows\SYSTEM32\ncrypt.dll
0x00007ff81c470000 - 0x00007ff81c4ac000 	C:\Windows\SYSTEM32\NTASN1.dll
0x00007ffff4c90000 - 0x00007ffff4c9d000 	C:\Program Files\Java\jdk1.8.0_301\jre\bin\management.dll
0x00007fffef620000 - 0x00007fffef7b5000 	C:\Program Files\Java\jdk1.8.0_301\jre\bin\awt.dll
0x00007ff81e1b0000 - 0x00007ff81e274000 	C:\Windows\System32\OLEAUT32.dll
0x00007ff817750000 - 0x00007ff8177dc000 	C:\Windows\SYSTEM32\apphelp.dll
0x00007ff817ba0000 - 0x00007ff817c3c000 	C:\Windows\system32\uxtheme.dll
0x00007ff820740000 - 0x00007ff8208ab000 	C:\Windows\System32\MSCTF.dll
0x00007ff817ed0000 - 0x00007ff817efe000 	C:\Windows\system32\dwmapi.dll
0x00007ff81ea10000 - 0x00007ff81eb66000 	C:\Windows\System32\ole32.dll
0x00007ff815fa0000 - 0x00007ff816149000 	C:\Windows\SYSTEM32\PROPSYS.dll
0x00007ff80a2a0000 - 0x00007ff80a476000 	C:\Windows\SYSTEM32\urlmon.dll
0x00007ff80ace0000 - 0x00007ff80af89000 	C:\Windows\SYSTEM32\iertutil.dll
0x00007ff80a270000 - 0x00007ff80a296000 	C:\Windows\SYSTEM32\srvcli.dll
0x00007ff81bff0000 - 0x00007ff81bffe000 	C:\Windows\SYSTEM32\netutils.dll
0x00007ff81ee90000 - 0x00007ff81ef32000 	C:\Windows\System32\clbcatq.dll
0x00007ff803010000 - 0x00007ff80302b000 	C:\Windows\System32\Windows.Shell.ServiceHostBuilder.dll
0x00007ff810180000 - 0x00007ff8108bf000 	C:\Windows\System32\OneCoreUAPCommonProxyStub.dll
0x00007ff80ab30000 - 0x00007ff80ac59000 	C:\Windows\System32\Windows.StateRepositoryPS.dll
0x00007ffffc810000 - 0x00007ffffc855000 	C:\Windows\SYSTEM32\edputil.dll
0x00007ffff8250000 - 0x00007ffff825c000 	C:\Windows\SYSTEM32\Secur32.dll
0x00007ff81c8f0000 - 0x00007ff81c91f000 	C:\Windows\SYSTEM32\SSPICLI.DLL
0x00007ff8178a0000 - 0x00007ff8178e1000 	C:\Windows\SYSTEM32\MLANG.dll
0x00007ff807ad0000 - 0x00007ff807fb1000 	C:\Windows\SYSTEM32\WININET.dll
0x00007fffe3680000 - 0x00007fffe36cb000 	C:\Windows\System32\Windows.UI.AppDefaults.dll
0x00007ff81c440000 - 0x00007ff81c465000 	C:\Windows\System32\Wldp.dll
0x00007ff81d8f0000 - 0x00007ff81d949000 	C:\Windows\System32\WINTRUST.dll
0x00007ff815ce0000 - 0x00007ff815d68000 	C:\Windows\SYSTEM32\policymanager.dll
0x00007ff8175b0000 - 0x00007ff81763a000 	C:\Windows\SYSTEM32\msvcp110_win.dll
0x00007ff8156d0000 - 0x00007ff815821000 	C:\Windows\System32\wintypes.dll

VM Arguments:
java_command: io.qameta.allure.CommandLine serve ./target/allure-results/
java_class_path (initial): C:\Users\Alex\scoop\apps\allure\current\lib\allure-commandline-2.14.0.jar;C:\Users\Alex\scoop\apps\allure\current\lib\jcommander-1.81.jar;C:\Users\Alex\scoop\apps\allure\current\lib\allure-generator-2.14.0.jar;C:\Users\Alex\scoop\apps\allure\current\lib\jackson-dataformat-xml-2.12.3.jar;C:\Users\Alex\scoop\apps\allure\current\lib\jackson-module-jaxb-annotations-2.12.3.jar;C:\Users\Alex\scoop\apps\allure\current\lib\jackson-annotations-2.12.3.jar;C:\Users\Alex\scoop\apps\allure\current\lib\jackson-core-2.12.3.jar;C:\Users\Alex\scoop\apps\allure\current\lib\jackson-dataformat-yaml-2.12.3.jar;C:\Users\Alex\scoop\apps\allure\current\lib\allure-plugin-api-2.14.0.jar;C:\Users\Alex\scoop\apps\allure\current\lib\allure-model-2.13.0.jar;C:\Users\Alex\scoop\apps\allure\current\lib\jackson-databind-2.12.3.jar;C:\Users\Alex\scoop\apps\allure\current\lib\commons-io-2.8.0.jar;C:\Users\Alex\scoop\apps\allure\current\lib\jetty-server-9.4.20.v20190813.jar;C:\Users\Alex\scoop\apps\allure\current\lib\slf4j-log4j12-1.7.28.jar;C:\Users\Alex\scoop\apps\allure\current\lib\snakeyaml-1.27.jar;C:\Users\Alex\scoop\apps\allure\current\lib\javax.servlet-api-3.1.0.jar;C:\Users\Alex\scoop\apps\allure\current\lib\jetty-http-9.4.20.v20190813.jar;C:\Users\Alex\scoop\apps\allure\current\lib\jetty-io-9.4.20.v20190813.jar;C:\Users\Alex\scoop\apps\allure\current\lib\allure1-model-1.0.jar;C:\Users\Alex\scoop\apps\allure\current\lib\slf4j-api-1.7.28.jar;C:\Users\Alex\scoop\apps\allure\current\lib\log4j-1.2.17.jar;C:\Users\Alex\scoop\apps\allure\current\lib\jaxb-api-2.3.1.jar;C:\Users\Alex\scoop\apps\allure\current\lib\httpclient-4.5.13.jar;C:\Users\Alex\scoop\apps\allure\current\lib\tika-core-1.26.jar;C:\Users\Alex\scoop\apps\allure\current\lib\freemarker-2.3.31.jar;C:\Users\Alex\scoop\apps\allure\current\lib\jetty-util-9.4.20.v20190813.jar;C:\Users\Alex\scoop\apps\allure\current\lib\opencsv-4.6.jar;C:\Users\Alex\scoop\apps\allure\current\lib\flexmark-0.62.2.jar;C:\Users\Alex\
Launcher Type: SUN_STANDARD

Environment Variables:
JAVA_HOME=C:\Program Files\Java\jdk1.8.0_301
PATH=C:\Program Files (x86)\Common Files\Oracle\Java\javapath;C:\Windows\system32;C:\Windows;C:\Windows\System32\Wbem;C:\Windows\System32\WindowsPowerShell\v1.0\;C:\Program Files\Git\cmd;C:\Program Files\nodejs\;C:\Users\Alex\scoop\shims;C:\Users\Alex\AppData\Local\Microsoft\WindowsApps;C:\Users\Alex\AppData\Local\GitHubDesktop\bin;C:\Program Files\Java\jdk1.8.0_301\bin;C:\Java\apache-maven-3.8.2\bin;C:\Users\Alex\AppData\Local\Android\Sdk\emulator;C:\Users\Alex\AppData\Local\Android\Sdk\tools;C:\Users\Alex\AppData\Local\Android\Sdk\tools\bin;C:\Users\Alex\AppData\Local\Android\Sdk\platform-tools;C:\Users\Alex\AppData\Roaming\npm;
USERNAME=Alex
OS=Windows_NT
PROCESSOR_IDENTIFIER=Intel64 Family 6 Model 142 Stepping 9, GenuineIntel



---------------  S Y S T E M  ---------------

OS: Windows 10.0 , 64 bit Build 17763 (10.0.17763.2028)

CPU:total 4 (initial active 4) (2 cores per cpu, 2 threads per core) family 6 model 142 stepping 9, cmov, cx8, fxsr, mmx, sse, sse2, sse3, ssse3, sse4.1, sse4.2, popcnt, avx, avx2, aes, clmul, erms, 3dnowpref, lzcnt, ht, tsc, tscinvbit, bmi1, bmi2, adx

Memory: 4k page, physical 4068580k(169668k free), swap 6165732k(5224k free)

vm_info: Java HotSpot(TM) 64-Bit Server VM (25.301-b09) for windows-amd64 JRE (1.8.0_301-b09), built on Jun  9 2021 06:46:21 by "java_re" with MS VC++ 15.9 (VS2017)

time: Tue Aug 24 22:28:13 2021
timezone: RTZ 2 (ceia)
elapsed time: 10.026968 seconds (0d 0h 0m 10s)

